<?xml version="1.0" encoding="UTF-8"?>
<testsuite name="com.friend.friend.FriendApplicationTests" tests="1" skipped="0" failures="0" errors="0" timestamp="2024-01-06T06:10:49" hostname="choeminseog-ui-MacBookAir.local" time="0.345">
  <properties/>
  <testcase name="contextLoads()" classname="com.friend.friend.FriendApplicationTests" time="0.345"/>
  <system-out><![CDATA[15:10:45.747 [Test worker] INFO org.springframework.test.context.support.AnnotationConfigContextLoaderUtils -- Could not detect default configuration classes for test class [com.friend.friend.FriendApplicationTests]: FriendApplicationTests does not declare any static, non-private, non-final, nested classes annotated with @Configuration.
15:10:45.790 [Test worker] INFO org.springframework.boot.test.context.SpringBootTestContextBootstrapper -- Found @SpringBootConfiguration com.friend.friend.FriendApplication for test class com.friend.friend.FriendApplicationTests

  .   ____          _            __ _ _
 /\\ / ___'_ __ _ _(_)_ __  __ _ \ \ \ \
( ( )\___ | '_ | '_| | '_ \/ _` | \ \ \ \
 \\/  ___)| |_)| | | | | || (_| |  ) ) ) )
  '  |____| .__|_| |_|_| |_\__, | / / / /
 =========|_|==============|___/=/_/_/_/
 :: Spring Boot ::                (v3.2.1)

2024-01-06T15:10:45.963+09:00  INFO 45312 --- [    Test worker] c.friend.friend.FriendApplicationTests   : Starting FriendApplicationTests using Java 17.0.9 with PID 45312 (started by choiminseok in /Users/choiminseok/Desktop/Coding/Project/friend)
2024-01-06T15:10:45.964+09:00  INFO 45312 --- [    Test worker] c.friend.friend.FriendApplicationTests   : No active profile set, falling back to 1 default profile: "default"
2024-01-06T15:10:46.429+09:00  INFO 45312 --- [    Test worker] .s.d.r.c.RepositoryConfigurationDelegate : Bootstrapping Spring Data JPA repositories in DEFAULT mode.
2024-01-06T15:10:46.441+09:00  INFO 45312 --- [    Test worker] .s.d.r.c.RepositoryConfigurationDelegate : Finished Spring Data repository scanning in 7 ms. Found 0 JPA repository interfaces.
2024-01-06T15:10:46.770+09:00  INFO 45312 --- [    Test worker] o.hibernate.jpa.internal.util.LogHelper  : HHH000204: Processing PersistenceUnitInfo [name: default]
2024-01-06T15:10:46.805+09:00  INFO 45312 --- [    Test worker] org.hibernate.Version                    : HHH000412: Hibernate ORM core version 6.4.1.Final
2024-01-06T15:10:46.840+09:00  INFO 45312 --- [    Test worker] o.h.c.internal.RegionFactoryInitiator    : HHH000026: Second-level cache disabled
2024-01-06T15:10:47.016+09:00  INFO 45312 --- [    Test worker] o.s.o.j.p.SpringPersistenceUnitInfo      : No LoadTimeWeaver setup: ignoring JPA class transformer
2024-01-06T15:10:47.035+09:00  INFO 45312 --- [    Test worker] com.zaxxer.hikari.HikariDataSource       : HikariPool-1 - Starting...
2024-01-06T15:10:48.778+09:00  INFO 45312 --- [    Test worker] com.zaxxer.hikari.pool.HikariPool        : HikariPool-1 - Added connection com.mysql.cj.jdbc.ConnectionImpl@4a453f8d
2024-01-06T15:10:48.779+09:00  INFO 45312 --- [    Test worker] com.zaxxer.hikari.HikariDataSource       : HikariPool-1 - Start completed.
2024-01-06T15:10:48.990+09:00  INFO 45312 --- [    Test worker] o.h.e.t.j.p.i.JtaPlatformInitiator       : HHH000489: No JTA platform available (set 'hibernate.transaction.jta.platform' to enable JTA platform integration)
2024-01-06T15:10:48.992+09:00  INFO 45312 --- [    Test worker] j.LocalContainerEntityManagerFactoryBean : Initialized JPA EntityManagerFactory for persistence unit 'default'
2024-01-06T15:10:49.075+09:00  WARN 45312 --- [    Test worker] .s.s.UserDetailsServiceAutoConfiguration : 

Using generated security password: 012cae4c-7f86-4b7d-bcf6-a52af2f1ee1e

This generated password is for development use only. Your security configuration must be updated before running your application in production.

2024-01-06T15:10:49.207+09:00  INFO 45312 --- [    Test worker] o.s.s.web.DefaultSecurityFilterChain     : Will secure any request with [org.springframework.security.web.session.DisableEncodeUrlFilter@62159fd, org.springframework.security.web.context.request.async.WebAsyncManagerIntegrationFilter@28e8dee7, org.springframework.security.web.context.SecurityContextHolderFilter@35c95869, org.springframework.security.web.header.HeaderWriterFilter@4504a4ed, org.springframework.web.filter.CorsFilter@7c37ac3c, org.springframework.security.web.authentication.logout.LogoutFilter@4ef28dc4, org.springframework.security.web.savedrequest.RequestCacheAwareFilter@361d8567, org.springframework.security.web.servletapi.SecurityContextHolderAwareRequestFilter@3fd6dfbc, org.springframework.security.web.authentication.AnonymousAuthenticationFilter@2682cccc, org.springframework.security.web.access.ExceptionTranslationFilter@37a0fc8c, org.springframework.security.web.access.intercept.AuthorizationFilter@3ee200ae]
2024-01-06T15:10:49.408+09:00  INFO 45312 --- [    Test worker] c.friend.friend.FriendApplicationTests   : Started FriendApplicationTests in 3.558 seconds (process running for 4.019)
]]></system-out>
  <system-err><![CDATA[]]></system-err>
</testsuite>
