<?xml version="1.0" encoding="UTF-8"?>
<testsuite name="com.friend.friend.jpatest.JpaTest" tests="1" skipped="0" failures="0" errors="0" timestamp="2024-01-13T15:12:57" hostname="chaejeonghun-ui-MacBookPro.local" time="0.296">
  <properties/>
  <testcase name="updateMemberTest()" classname="com.friend.friend.jpatest.JpaTest" time="0.296"/>
  <system-out><![CDATA[00:12:55.218 [Test worker] INFO org.springframework.test.context.support.AnnotationConfigContextLoaderUtils -- Could not detect default configuration classes for test class [com.friend.friend.jpatest.JpaTest]: JpaTest does not declare any static, non-private, non-final, nested classes annotated with @Configuration.
00:12:55.271 [Test worker] INFO org.springframework.boot.test.context.SpringBootTestContextBootstrapper -- Found @SpringBootConfiguration com.friend.friend.FriendApplication for test class com.friend.friend.jpatest.JpaTest

  .   ____          _            __ _ _
 /\\ / ___'_ __ _ _(_)_ __  __ _ \ \ \ \
( ( )\___ | '_ | '_| | '_ \/ _` | \ \ \ \
 \\/  ___)| |_)| | | | | || (_| |  ) ) ) )
  '  |____| .__|_| |_|_| |_\__, | / / / /
 =========|_|==============|___/=/_/_/_/
 :: Spring Boot ::                (v3.2.1)

2024-01-14T00:12:55.463+09:00  INFO 28290 --- [    Test worker] com.friend.friend.jpatest.JpaTest        : Starting JpaTest using Java 17.0.9 with PID 28290 (started by chaejunghun in /Users/chaejunghun/Desktop/UMC_Project/BE)
2024-01-14T00:12:55.464+09:00  INFO 28290 --- [    Test worker] com.friend.friend.jpatest.JpaTest        : No active profile set, falling back to 1 default profile: "default"
2024-01-14T00:12:55.876+09:00  INFO 28290 --- [    Test worker] .s.d.r.c.RepositoryConfigurationDelegate : Bootstrapping Spring Data JPA repositories in DEFAULT mode.
2024-01-14T00:12:55.905+09:00  INFO 28290 --- [    Test worker] .s.d.r.c.RepositoryConfigurationDelegate : Finished Spring Data repository scanning in 24 ms. Found 3 JPA repository interfaces.
2024-01-14T00:12:56.137+09:00  INFO 28290 --- [    Test worker] o.hibernate.jpa.internal.util.LogHelper  : HHH000204: Processing PersistenceUnitInfo [name: default]
2024-01-14T00:12:56.161+09:00  INFO 28290 --- [    Test worker] org.hibernate.Version                    : HHH000412: Hibernate ORM core version 6.4.1.Final
2024-01-14T00:12:56.176+09:00  INFO 28290 --- [    Test worker] o.h.c.internal.RegionFactoryInitiator    : HHH000026: Second-level cache disabled
2024-01-14T00:12:56.280+09:00  INFO 28290 --- [    Test worker] o.s.o.j.p.SpringPersistenceUnitInfo      : No LoadTimeWeaver setup: ignoring JPA class transformer
2024-01-14T00:12:56.292+09:00  INFO 28290 --- [    Test worker] com.zaxxer.hikari.HikariDataSource       : HikariPool-1 - Starting...
2024-01-14T00:12:56.335+09:00  INFO 28290 --- [    Test worker] com.zaxxer.hikari.pool.HikariPool        : HikariPool-1 - Added connection conn0: url=jdbc:h2:tcp://localhost/~/test user=SA
2024-01-14T00:12:56.336+09:00  INFO 28290 --- [    Test worker] com.zaxxer.hikari.HikariDataSource       : HikariPool-1 - Start completed.
2024-01-14T00:12:56.838+09:00  INFO 28290 --- [    Test worker] o.h.e.t.j.p.i.JtaPlatformInitiator       : HHH000489: No JTA platform available (set 'hibernate.transaction.jta.platform' to enable JTA platform integration)
Hibernate: 
    drop table if exists member cascade 
Hibernate: 
    drop table if exists post cascade 
Hibernate: 
    drop table if exists qa cascade 
Hibernate: 
    create table member (
        distance tinyint check (distance between 0 and 1),
        drinking tinyint check (drinking between 0 and 1),
        gender tinyint check (gender between 0 and 1),
        height float(53),
        role tinyint check (role between 0 and 1),
        smoking tinyint check (smoking between 0 and 1),
        status tinyint check (status between 0 and 2),
        created_at timestamp(6),
        id bigint generated by default as identity,
        updated_at timestamp(6),
        birthday varchar(255),
        department varchar(255),
        email varchar(255),
        image varchar(255),
        introduction varchar(255),
        nickname varchar(255),
        nonage varchar(255),
        nondepartment varchar(255),
        nonstudentid varchar(255),
        password varchar(255),
        phone varchar(255),
        preference varchar(255),
        region varchar(255),
        primary key (id)
    )
Hibernate: 
    create table post (
        id bigint generated by default as identity,
        member_id bigint,
        qa_id bigint,
        reportid bigint not null,
        primary key (id)
    )
Hibernate: 
    create table qa (
        privacy tinyint check (privacy between 0 and 1),
        status tinyint check (status between 0 and 1),
        created_at timestamp(6),
        id bigint generated by default as identity,
        updated_at timestamp(6),
        answer varchar(255),
        body varchar(255),
        title varchar(255),
        primary key (id)
    )
Hibernate: 
    alter table if exists post 
       add constraint FK83s99f4kx8oiqm3ro0sasmpww 
       foreign key (member_id) 
       references member
Hibernate: 
    alter table if exists post 
       add constraint FKl2cea69y4y973gx7ny7q1oxf9 
       foreign key (qa_id) 
       references qa
2024-01-14T00:12:56.877+09:00  INFO 28290 --- [    Test worker] j.LocalContainerEntityManagerFactoryBean : Initialized JPA EntityManagerFactory for persistence unit 'default'
Hibernate: 
    insert 
    into
        member
        (birthday, created_at, department, distance, drinking, email, gender, height, image, introduction, nickname, nonage, nondepartment, nonstudentid, password, phone, preference, region, role, smoking, status, updated_at, id) 
    values
        (?, ?, ?, ?, ?, ?, ?, ?, ?, ?, ?, ?, ?, ?, ?, ?, ?, ?, ?, ?, ?, ?, default)
2024-01-14T00:12:57.159+09:00  WARN 28290 --- [    Test worker] .s.s.UserDetailsServiceAutoConfiguration : 

Using generated security password: 0dae0409-04ca-424d-82cf-1c5a8f32122b

This generated password is for development use only. Your security configuration must be updated before running your application in production.

2024-01-14T00:12:57.328+09:00  INFO 28290 --- [    Test worker] o.s.s.web.DefaultSecurityFilterChain     : Will secure any request with [org.springframework.security.web.session.DisableEncodeUrlFilter@4f9191c1, org.springframework.security.web.context.request.async.WebAsyncManagerIntegrationFilter@5bbaaf17, org.springframework.security.web.context.SecurityContextHolderFilter@77ac7cd6, org.springframework.security.web.header.HeaderWriterFilter@3dfb1626, org.springframework.web.filter.CorsFilter@2c69ea30, org.springframework.security.web.authentication.logout.LogoutFilter@402d45c6, org.springframework.security.web.savedrequest.RequestCacheAwareFilter@81f9b01, org.springframework.security.web.servletapi.SecurityContextHolderAwareRequestFilter@53d94a6b, org.springframework.security.web.authentication.AnonymousAuthenticationFilter@76dc9569, org.springframework.security.web.access.ExceptionTranslationFilter@3bbab2c9, org.springframework.security.web.access.intercept.AuthorizationFilter@63fef83c]
2024-01-14T00:12:57.509+09:00  INFO 28290 --- [    Test worker] com.friend.friend.jpatest.JpaTest        : Started JpaTest in 2.171 seconds (process running for 2.698)
]]></system-out>
  <system-err><![CDATA[]]></system-err>
</testsuite>
